<?xml version="1.0" encoding="UTF-8"?>
<testsuite xmlns:xsi="http://www.w3.org/2001/XMLSchema-instance" xsi:noNamespaceSchemaLocation="https://maven.apache.org/surefire/maven-surefire-plugin/xsd/surefire-test-report-3.0.xsd" version="3.0" name="com.example.AppTest" time="0.761" tests="5" errors="0" skipped="0" failures="5">
  <properties>
    <property name="java.specification.version" value="17"/>
    <property name="sun.cpu.isalist" value="amd64"/>
    <property name="sun.jnu.encoding" value="Cp1252"/>
    <property name="java.class.path" value="C:\Personal Projects\self_learning\dsv-to-jsonl-converter\target\test-classes;C:\Personal Projects\self_learning\dsv-to-jsonl-converter\target\classes;C:\Users\nanibabu.pallapu\.m2\repository\commons-cli\commons-cli\1.4\commons-cli-1.4.jar;C:\Users\nanibabu.pallapu\.m2\repository\org\json\json\20210307\json-20210307.jar;C:\Users\nanibabu.pallapu\.m2\repository\com\fasterxml\jackson\core\jackson-core\2.13.1\jackson-core-2.13.1.jar;C:\Users\nanibabu.pallapu\.m2\repository\com\fasterxml\jackson\core\jackson-databind\2.13.1\jackson-databind-2.13.1.jar;C:\Users\nanibabu.pallapu\.m2\repository\com\fasterxml\jackson\core\jackson-annotations\2.13.1\jackson-annotations-2.13.1.jar;C:\Users\nanibabu.pallapu\.m2\repository\org\apache\commons\commons-csv\1.9.0\commons-csv-1.9.0.jar;C:\Users\nanibabu.pallapu\.m2\repository\com\google\code\gson\gson\2.8.8\gson-2.8.8.jar;C:\Users\nanibabu.pallapu\.m2\repository\junit\junit\4.13.2\junit-4.13.2.jar;C:\Users\nanibabu.pallapu\.m2\repository\org\hamcrest\hamcrest-core\1.3\hamcrest-core-1.3.jar;"/>
    <property name="java.vm.vendor" value="Oracle Corporation"/>
    <property name="sun.arch.data.model" value="64"/>
    <property name="user.variant" value=""/>
    <property name="java.vendor.url" value="https://java.oracle.com/"/>
    <property name="user.timezone" value="Asia/Calcutta"/>
    <property name="os.name" value="Windows 11"/>
    <property name="java.vm.specification.version" value="17"/>
    <property name="sun.java.launcher" value="SUN_STANDARD"/>
    <property name="user.country" value="US"/>
    <property name="sun.boot.library.path" value="C:\Program Files\Java\jdk-17\bin"/>
    <property name="sun.java.command" value="C:\Users\nanibabu.pallapu\AppData\Local\Temp\surefire2925491727437780604\surefirebooter-20240403085044120_3.jar C:\Users\nanibabu.pallapu\AppData\Local\Temp\surefire2925491727437780604 2024-04-03T08-50-41_762-jvmRun1 surefire-20240403085044120_1tmp surefire_0-20240403085044120_2tmp"/>
    <property name="jdk.debug" value="release"/>
    <property name="surefire.test.class.path" value="C:\Personal Projects\self_learning\dsv-to-jsonl-converter\target\test-classes;C:\Personal Projects\self_learning\dsv-to-jsonl-converter\target\classes;C:\Users\nanibabu.pallapu\.m2\repository\commons-cli\commons-cli\1.4\commons-cli-1.4.jar;C:\Users\nanibabu.pallapu\.m2\repository\org\json\json\20210307\json-20210307.jar;C:\Users\nanibabu.pallapu\.m2\repository\com\fasterxml\jackson\core\jackson-core\2.13.1\jackson-core-2.13.1.jar;C:\Users\nanibabu.pallapu\.m2\repository\com\fasterxml\jackson\core\jackson-databind\2.13.1\jackson-databind-2.13.1.jar;C:\Users\nanibabu.pallapu\.m2\repository\com\fasterxml\jackson\core\jackson-annotations\2.13.1\jackson-annotations-2.13.1.jar;C:\Users\nanibabu.pallapu\.m2\repository\org\apache\commons\commons-csv\1.9.0\commons-csv-1.9.0.jar;C:\Users\nanibabu.pallapu\.m2\repository\com\google\code\gson\gson\2.8.8\gson-2.8.8.jar;C:\Users\nanibabu.pallapu\.m2\repository\junit\junit\4.13.2\junit-4.13.2.jar;C:\Users\nanibabu.pallapu\.m2\repository\org\hamcrest\hamcrest-core\1.3\hamcrest-core-1.3.jar;"/>
    <property name="sun.cpu.endian" value="little"/>
    <property name="user.home" value="C:\Users\nanibabu.pallapu"/>
    <property name="user.language" value="en"/>
    <property name="java.specification.vendor" value="Oracle Corporation"/>
    <property name="java.version.date" value="2023-10-17"/>
    <property name="java.home" value="C:\Program Files\Java\jdk-17"/>
    <property name="file.separator" value="\"/>
    <property name="basedir" value="C:\Personal Projects\self_learning\dsv-to-jsonl-converter"/>
    <property name="java.vm.compressedOopsMode" value="Zero based"/>
    <property name="line.separator" value="&#10;"/>
    <property name="java.vm.specification.vendor" value="Oracle Corporation"/>
    <property name="java.specification.name" value="Java Platform API Specification"/>
    <property name="surefire.real.class.path" value="C:\Users\nanibabu.pallapu\AppData\Local\Temp\surefire2925491727437780604\surefirebooter-20240403085044120_3.jar"/>
    <property name="user.script" value=""/>
    <property name="sun.management.compiler" value="HotSpot 64-Bit Tiered Compilers"/>
    <property name="java.runtime.version" value="17.0.9+11-LTS-201"/>
    <property name="user.name" value="nanibabu.pallapu"/>
    <property name="path.separator" value=";"/>
    <property name="os.version" value="10.0"/>
    <property name="java.runtime.name" value="Java(TM) SE Runtime Environment"/>
    <property name="file.encoding" value="Cp1252"/>
    <property name="java.vm.name" value="Java HotSpot(TM) 64-Bit Server VM"/>
    <property name="localRepository" value="C:\Users\nanibabu.pallapu\.m2\repository"/>
    <property name="java.vendor.url.bug" value="https://bugreport.java.com/bugreport/"/>
    <property name="java.io.tmpdir" value="C:\Users\NANIBA~1.PAL\AppData\Local\Temp\"/>
    <property name="java.version" value="17.0.9"/>
    <property name="user.dir" value="C:\Personal Projects\self_learning\dsv-to-jsonl-converter"/>
    <property name="os.arch" value="amd64"/>
    <property name="java.vm.specification.name" value="Java Virtual Machine Specification"/>
    <property name="sun.os.patch.level" value=""/>
    <property name="native.encoding" value="Cp1252"/>
    <property name="java.library.path" value="C:\Program Files\Java\jdk-17\bin;C:\Windows\Sun\Java\bin;C:\Windows\system32;C:\Windows;C:\Program Files\Java\jdk-17\bin;C:\Windows\system32;C:\Windows;C:\Windows\System32\Wbem;C:\Windows\System32\WindowsPowerShell\v1.0\;C:\Windows\System32\OpenSSH\;C:\Program Files (x86)\Microsoft SQL Server\150\DTS\Binn\;C:\Program Files\Azure Data Studio\bin;C:\Program Files\dotnet\;C:\Program Files\Microsoft VS Code\bin;C:\Program Files\PowerShell\7\;C:\Program Files\Intel\WiFi\bin\;C:\Program Files\Common Files\Intel\WirelessCommon\;C:\Program Files (x86)\Intel\Intel(R) Management Engine Components\DAL;C:\Program Files\Intel\Intel(R) Management Engine Components\DAL;C:\apache-maven-3.9.5\bin;C:\Program Files\nodejs;C:\Program Files (x86)\Microsoft SQL Server\150\Tools\Binn\;C:\Program Files\Microsoft SQL Server\150\Tools\Binn\;C:\Program Files\Microsoft SQL Server\150\DTS\Binn\;C:\Program Files\Microsoft SQL Server\Client SDK\ODBC\170\Tools\Binn\;C:\Program Files\nodejs\;C:\Users\nanibabu.pallapu\AppData\Local\Microsoft\WindowsApps;C:\Users\nanibabu.pallapu\AppData\Local\Programs\Git\cmd;C:\Users\nanibabu.pallapu\AppData\Local\Programs\Microsoft VS Code\bin;C:\Users\nanibabu.pallapu\AppData\Roaming\npm;."/>
    <property name="java.vm.info" value="mixed mode, sharing"/>
    <property name="java.vendor" value="Oracle Corporation"/>
    <property name="java.vm.version" value="17.0.9+11-LTS-201"/>
    <property name="sun.io.unicode.encoding" value="UnicodeLittle"/>
    <property name="java.class.version" value="61.0"/>
  </properties>
  <testcase name="testConversionWithPipeDelimiter" classname="com.example.AppTest" time="0.58">
    <failure message="expected:&lt;[{&quot;firstName&quot;:&quot;Wolfgang&quot;,&quot;lastName&quot;:&quot;Mozart&quot;,&quot;gender&quot;:&quot;Male&quot;,&quot;middleName&quot;:&quot;Amadeus&quot;,&quot;dateOfBirth&quot;:&quot;1756-01-27&quot;,&quot;salary&quot;:1000}, {&quot;firstName&quot;:&quot;Albert&quot;,&quot;lastName&quot;:&quot;Einstein&quot;,&quot;gender&quot;:&quot;Male&quot;,&quot;middleName&quot;:&quot;&quot;,&quot;dateOfBirth&quot;:&quot;1955-04-18&quot;,&quot;salary&quot;:2000}, {&quot;firstName&quot;:&quot;Marie, Salomea&quot;,&quot;lastName&quot;:&quot;Curie&quot;,&quot;gender&quot;:&quot;Female&quot;,&quot;middleName&quot;:&quot;Skłodowska |&quot;,&quot;dateOfBirth&quot;:&quot;0009-10-16&quot;,&quot;salary&quot;:3000}]&gt; but was:&lt;[{&quot;firstName&quot;: &quot;Wolfgang&quot;,&quot;middleName&quot;: &quot;Amadeus&quot;,&quot;lastName&quot;: &quot;Mozart&quot;,&quot;gender&quot;: &quot;Male&quot;,&quot;dateOfBirth&quot;: &quot;1756-01-27&quot;,&quot;salary&quot;: 1000}, {&quot;firstName&quot;: &quot;Albert&quot;,&quot;lastName&quot;: &quot;Einstein&quot;,&quot;gender&quot;: &quot;Male&quot;,&quot;dateOfBirth&quot;: &quot;1955-04-18&quot;,&quot;salary&quot;: 2000}, {&quot;firstName&quot;: &quot;Marie, Salomea&quot;,&quot;middleName&quot;: &quot;Skłodowska |&quot;,&quot;lastName&quot;: &quot;Curie&quot;,&quot;gender&quot;: &quot;Female&quot;,&quot;dateOfBirth&quot;: &quot;1934-07-04&quot;,&quot;salary&quot;: 3000}]&gt;" type="java.lang.AssertionError"><![CDATA[java.lang.AssertionError: expected:<[{"firstName":"Wolfgang","lastName":"Mozart","gender":"Male","middleName":"Amadeus","dateOfBirth":"1756-01-27","salary":1000}, {"firstName":"Albert","lastName":"Einstein","gender":"Male","middleName":"","dateOfBirth":"1955-04-18","salary":2000}, {"firstName":"Marie, Salomea","lastName":"Curie","gender":"Female","middleName":"Skłodowska |","dateOfBirth":"0009-10-16","salary":3000}]> but was:<[{"firstName": "Wolfgang","middleName": "Amadeus","lastName": "Mozart","gender": "Male","dateOfBirth": "1756-01-27","salary": 1000}, {"firstName": "Albert","lastName": "Einstein","gender": "Male","dateOfBirth": "1955-04-18","salary": 2000}, {"firstName": "Marie, Salomea","middleName": "Skłodowska |","lastName": "Curie","gender": "Female","dateOfBirth": "1934-07-04","salary": 3000}]>
	at org.junit.Assert.fail(Assert.java:89)
	at org.junit.Assert.failNotEquals(Assert.java:835)
	at org.junit.Assert.assertEquals(Assert.java:120)
	at org.junit.Assert.assertEquals(Assert.java:146)
	at com.example.AppTest.testConversion(AppTest.java:54)
	at com.example.AppTest.testConversionWithPipeDelimiter(AppTest.java:34)
	at java.base/jdk.internal.reflect.NativeMethodAccessorImpl.invoke0(Native Method)
	at java.base/jdk.internal.reflect.NativeMethodAccessorImpl.invoke(NativeMethodAccessorImpl.java:77)
	at java.base/jdk.internal.reflect.DelegatingMethodAccessorImpl.invoke(DelegatingMethodAccessorImpl.java:43)
	at java.base/java.lang.reflect.Method.invoke(Method.java:568)
	at org.junit.runners.model.FrameworkMethod$1.runReflectiveCall(FrameworkMethod.java:59)
	at org.junit.internal.runners.model.ReflectiveCallable.run(ReflectiveCallable.java:12)
	at org.junit.runners.model.FrameworkMethod.invokeExplosively(FrameworkMethod.java:56)
	at org.junit.internal.runners.statements.InvokeMethod.evaluate(InvokeMethod.java:17)
	at org.junit.runners.ParentRunner$3.evaluate(ParentRunner.java:306)
	at org.junit.runners.BlockJUnit4ClassRunner$1.evaluate(BlockJUnit4ClassRunner.java:100)
	at org.junit.runners.ParentRunner.runLeaf(ParentRunner.java:366)
	at org.junit.runners.BlockJUnit4ClassRunner.runChild(BlockJUnit4ClassRunner.java:103)
	at org.junit.runners.BlockJUnit4ClassRunner.runChild(BlockJUnit4ClassRunner.java:63)
	at org.junit.runners.ParentRunner$4.run(ParentRunner.java:331)
	at org.junit.runners.ParentRunner$1.schedule(ParentRunner.java:79)
	at org.junit.runners.ParentRunner.runChildren(ParentRunner.java:329)
	at org.junit.runners.ParentRunner.access$100(ParentRunner.java:66)
	at org.junit.runners.ParentRunner$2.evaluate(ParentRunner.java:293)
	at org.junit.runners.ParentRunner$3.evaluate(ParentRunner.java:306)
	at org.junit.runners.ParentRunner.run(ParentRunner.java:413)
	at org.apache.maven.surefire.junit4.JUnit4Provider.execute(JUnit4Provider.java:316)
	at org.apache.maven.surefire.junit4.JUnit4Provider.executeWithRerun(JUnit4Provider.java:240)
	at org.apache.maven.surefire.junit4.JUnit4Provider.executeTestSet(JUnit4Provider.java:214)
	at org.apache.maven.surefire.junit4.JUnit4Provider.invoke(JUnit4Provider.java:155)
	at org.apache.maven.surefire.booter.ForkedBooter.runSuitesInProcess(ForkedBooter.java:385)
	at org.apache.maven.surefire.booter.ForkedBooter.execute(ForkedBooter.java:162)
	at org.apache.maven.surefire.booter.ForkedBooter.run(ForkedBooter.java:507)
	at org.apache.maven.surefire.booter.ForkedBooter.main(ForkedBooter.java:495)
]]></failure>
  </testcase>
  <testcase name="testConversionPipeWithoutDelimiter" classname="com.example.AppTest" time="0.011">
    <failure message="expected:&lt;[{&quot;firstName&quot;:&quot;Wolfgang&quot;,&quot;lastName&quot;:&quot;Mozart&quot;,&quot;gender&quot;:&quot;Male&quot;,&quot;middleName&quot;:&quot;Amadeus&quot;,&quot;dateOfBirth&quot;:&quot;1756-01-27&quot;,&quot;salary&quot;:1000}, {&quot;firstName&quot;:&quot;Albert&quot;,&quot;lastName&quot;:&quot;Einstein&quot;,&quot;gender&quot;:&quot;Male&quot;,&quot;middleName&quot;:&quot;&quot;,&quot;dateOfBirth&quot;:&quot;1955-04-18&quot;,&quot;salary&quot;:2000}, {&quot;firstName&quot;:&quot;Marie, Salomea&quot;,&quot;lastName&quot;:&quot;Curie&quot;,&quot;gender&quot;:&quot;Female&quot;,&quot;middleName&quot;:&quot;Skłodowska |&quot;,&quot;dateOfBirth&quot;:&quot;0009-10-16&quot;,&quot;salary&quot;:3000}]&gt; but was:&lt;[{&quot;firstName&quot;: &quot;Wolfgang&quot;,&quot;middleName&quot;: &quot;Amadeus&quot;,&quot;lastName&quot;: &quot;Mozart&quot;,&quot;gender&quot;: &quot;Male&quot;,&quot;dateOfBirth&quot;: &quot;1756-01-27&quot;,&quot;salary&quot;: 1000}, {&quot;firstName&quot;: &quot;Albert&quot;,&quot;lastName&quot;: &quot;Einstein&quot;,&quot;gender&quot;: &quot;Male&quot;,&quot;dateOfBirth&quot;: &quot;1955-04-18&quot;,&quot;salary&quot;: 2000}, {&quot;firstName&quot;: &quot;Marie, Salomea&quot;,&quot;middleName&quot;: &quot;Skłodowska |&quot;,&quot;lastName&quot;: &quot;Curie&quot;,&quot;gender&quot;: &quot;Female&quot;,&quot;dateOfBirth&quot;: &quot;1934-07-04&quot;,&quot;salary&quot;: 3000}]&gt;" type="java.lang.AssertionError"><![CDATA[java.lang.AssertionError: expected:<[{"firstName":"Wolfgang","lastName":"Mozart","gender":"Male","middleName":"Amadeus","dateOfBirth":"1756-01-27","salary":1000}, {"firstName":"Albert","lastName":"Einstein","gender":"Male","middleName":"","dateOfBirth":"1955-04-18","salary":2000}, {"firstName":"Marie, Salomea","lastName":"Curie","gender":"Female","middleName":"Skłodowska |","dateOfBirth":"0009-10-16","salary":3000}]> but was:<[{"firstName": "Wolfgang","middleName": "Amadeus","lastName": "Mozart","gender": "Male","dateOfBirth": "1756-01-27","salary": 1000}, {"firstName": "Albert","lastName": "Einstein","gender": "Male","dateOfBirth": "1955-04-18","salary": 2000}, {"firstName": "Marie, Salomea","middleName": "Skłodowska |","lastName": "Curie","gender": "Female","dateOfBirth": "1934-07-04","salary": 3000}]>
	at org.junit.Assert.fail(Assert.java:89)
	at org.junit.Assert.failNotEquals(Assert.java:835)
	at org.junit.Assert.assertEquals(Assert.java:120)
	at org.junit.Assert.assertEquals(Assert.java:146)
	at com.example.AppTest.testConversion(AppTest.java:54)
	at com.example.AppTest.testConversionPipeWithoutDelimiter(AppTest.java:24)
	at java.base/jdk.internal.reflect.NativeMethodAccessorImpl.invoke0(Native Method)
	at java.base/jdk.internal.reflect.NativeMethodAccessorImpl.invoke(NativeMethodAccessorImpl.java:77)
	at java.base/jdk.internal.reflect.DelegatingMethodAccessorImpl.invoke(DelegatingMethodAccessorImpl.java:43)
	at java.base/java.lang.reflect.Method.invoke(Method.java:568)
	at org.junit.runners.model.FrameworkMethod$1.runReflectiveCall(FrameworkMethod.java:59)
	at org.junit.internal.runners.model.ReflectiveCallable.run(ReflectiveCallable.java:12)
	at org.junit.runners.model.FrameworkMethod.invokeExplosively(FrameworkMethod.java:56)
	at org.junit.internal.runners.statements.InvokeMethod.evaluate(InvokeMethod.java:17)
	at org.junit.runners.ParentRunner$3.evaluate(ParentRunner.java:306)
	at org.junit.runners.BlockJUnit4ClassRunner$1.evaluate(BlockJUnit4ClassRunner.java:100)
	at org.junit.runners.ParentRunner.runLeaf(ParentRunner.java:366)
	at org.junit.runners.BlockJUnit4ClassRunner.runChild(BlockJUnit4ClassRunner.java:103)
	at org.junit.runners.BlockJUnit4ClassRunner.runChild(BlockJUnit4ClassRunner.java:63)
	at org.junit.runners.ParentRunner$4.run(ParentRunner.java:331)
	at org.junit.runners.ParentRunner$1.schedule(ParentRunner.java:79)
	at org.junit.runners.ParentRunner.runChildren(ParentRunner.java:329)
	at org.junit.runners.ParentRunner.access$100(ParentRunner.java:66)
	at org.junit.runners.ParentRunner$2.evaluate(ParentRunner.java:293)
	at org.junit.runners.ParentRunner$3.evaluate(ParentRunner.java:306)
	at org.junit.runners.ParentRunner.run(ParentRunner.java:413)
	at org.apache.maven.surefire.junit4.JUnit4Provider.execute(JUnit4Provider.java:316)
	at org.apache.maven.surefire.junit4.JUnit4Provider.executeWithRerun(JUnit4Provider.java:240)
	at org.apache.maven.surefire.junit4.JUnit4Provider.executeTestSet(JUnit4Provider.java:214)
	at org.apache.maven.surefire.junit4.JUnit4Provider.invoke(JUnit4Provider.java:155)
	at org.apache.maven.surefire.booter.ForkedBooter.runSuitesInProcess(ForkedBooter.java:385)
	at org.apache.maven.surefire.booter.ForkedBooter.execute(ForkedBooter.java:162)
	at org.apache.maven.surefire.booter.ForkedBooter.run(ForkedBooter.java:507)
	at org.apache.maven.surefire.booter.ForkedBooter.main(ForkedBooter.java:495)
]]></failure>
  </testcase>
  <testcase name="testConversionWithUnderscoreDelimiter" classname="com.example.AppTest" time="0.022">
    <failure message="expected:&lt;[{&quot;firstName&quot;:&quot;Wolfgang&quot;,&quot;lastName&quot;:&quot;Mozart&quot;,&quot;gender&quot;:&quot;Male&quot;,&quot;middleName&quot;:&quot;Amadeus&quot;,&quot;dateOfBirth&quot;:&quot;1756-01-27&quot;,&quot;salary&quot;:1000}, {&quot;firstName&quot;:&quot;Albert&quot;,&quot;lastName&quot;:&quot;Einstein&quot;,&quot;gender&quot;:&quot;Male&quot;,&quot;middleName&quot;:&quot;&quot;,&quot;dateOfBirth&quot;:&quot;1955-04-18&quot;,&quot;salary&quot;:2000}, {&quot;firstName&quot;:&quot;Marie, Salomea&quot;,&quot;lastName&quot;:&quot;Curie&quot;,&quot;gender&quot;:&quot;Female&quot;,&quot;middleName&quot;:&quot;Skłodowska |&quot;,&quot;dateOfBirth&quot;:&quot;0009-10-16&quot;,&quot;salary&quot;:3000}]&gt; but was:&lt;[{&quot;firstName&quot;: &quot;Wolfgang&quot;,&quot;middleName&quot;: &quot;Amadeus&quot;,&quot;lastName&quot;: &quot;Mozart&quot;,&quot;gender&quot;: &quot;Male&quot;,&quot;dateOfBirth&quot;: &quot;1756-01-27&quot;,&quot;salary&quot;: 1000}, {&quot;firstName&quot;: &quot;Albert&quot;,&quot;lastName&quot;: &quot;Einstein&quot;,&quot;gender&quot;: &quot;Male&quot;,&quot;dateOfBirth&quot;: &quot;1955-04-18&quot;,&quot;salary&quot;: 2000}, {&quot;firstName&quot;: &quot;Marie, Salomea&quot;,&quot;middleName&quot;: &quot;Skłodowska |&quot;,&quot;lastName&quot;: &quot;Curie&quot;,&quot;gender&quot;: &quot;Female&quot;,&quot;dateOfBirth&quot;: &quot;1934-07-04&quot;,&quot;salary&quot;: 3000}]&gt;" type="java.lang.AssertionError"><![CDATA[java.lang.AssertionError: expected:<[{"firstName":"Wolfgang","lastName":"Mozart","gender":"Male","middleName":"Amadeus","dateOfBirth":"1756-01-27","salary":1000}, {"firstName":"Albert","lastName":"Einstein","gender":"Male","middleName":"","dateOfBirth":"1955-04-18","salary":2000}, {"firstName":"Marie, Salomea","lastName":"Curie","gender":"Female","middleName":"Skłodowska |","dateOfBirth":"0009-10-16","salary":3000}]> but was:<[{"firstName": "Wolfgang","middleName": "Amadeus","lastName": "Mozart","gender": "Male","dateOfBirth": "1756-01-27","salary": 1000}, {"firstName": "Albert","lastName": "Einstein","gender": "Male","dateOfBirth": "1955-04-18","salary": 2000}, {"firstName": "Marie, Salomea","middleName": "Skłodowska |","lastName": "Curie","gender": "Female","dateOfBirth": "1934-07-04","salary": 3000}]>
	at org.junit.Assert.fail(Assert.java:89)
	at org.junit.Assert.failNotEquals(Assert.java:835)
	at org.junit.Assert.assertEquals(Assert.java:120)
	at org.junit.Assert.assertEquals(Assert.java:146)
	at com.example.AppTest.testConversion(AppTest.java:54)
	at com.example.AppTest.testConversionWithUnderscoreDelimiter(AppTest.java:39)
	at java.base/jdk.internal.reflect.NativeMethodAccessorImpl.invoke0(Native Method)
	at java.base/jdk.internal.reflect.NativeMethodAccessorImpl.invoke(NativeMethodAccessorImpl.java:77)
	at java.base/jdk.internal.reflect.DelegatingMethodAccessorImpl.invoke(DelegatingMethodAccessorImpl.java:43)
	at java.base/java.lang.reflect.Method.invoke(Method.java:568)
	at org.junit.runners.model.FrameworkMethod$1.runReflectiveCall(FrameworkMethod.java:59)
	at org.junit.internal.runners.model.ReflectiveCallable.run(ReflectiveCallable.java:12)
	at org.junit.runners.model.FrameworkMethod.invokeExplosively(FrameworkMethod.java:56)
	at org.junit.internal.runners.statements.InvokeMethod.evaluate(InvokeMethod.java:17)
	at org.junit.runners.ParentRunner$3.evaluate(ParentRunner.java:306)
	at org.junit.runners.BlockJUnit4ClassRunner$1.evaluate(BlockJUnit4ClassRunner.java:100)
	at org.junit.runners.ParentRunner.runLeaf(ParentRunner.java:366)
	at org.junit.runners.BlockJUnit4ClassRunner.runChild(BlockJUnit4ClassRunner.java:103)
	at org.junit.runners.BlockJUnit4ClassRunner.runChild(BlockJUnit4ClassRunner.java:63)
	at org.junit.runners.ParentRunner$4.run(ParentRunner.java:331)
	at org.junit.runners.ParentRunner$1.schedule(ParentRunner.java:79)
	at org.junit.runners.ParentRunner.runChildren(ParentRunner.java:329)
	at org.junit.runners.ParentRunner.access$100(ParentRunner.java:66)
	at org.junit.runners.ParentRunner$2.evaluate(ParentRunner.java:293)
	at org.junit.runners.ParentRunner$3.evaluate(ParentRunner.java:306)
	at org.junit.runners.ParentRunner.run(ParentRunner.java:413)
	at org.apache.maven.surefire.junit4.JUnit4Provider.execute(JUnit4Provider.java:316)
	at org.apache.maven.surefire.junit4.JUnit4Provider.executeWithRerun(JUnit4Provider.java:240)
	at org.apache.maven.surefire.junit4.JUnit4Provider.executeTestSet(JUnit4Provider.java:214)
	at org.apache.maven.surefire.junit4.JUnit4Provider.invoke(JUnit4Provider.java:155)
	at org.apache.maven.surefire.booter.ForkedBooter.runSuitesInProcess(ForkedBooter.java:385)
	at org.apache.maven.surefire.booter.ForkedBooter.execute(ForkedBooter.java:162)
	at org.apache.maven.surefire.booter.ForkedBooter.run(ForkedBooter.java:507)
	at org.apache.maven.surefire.booter.ForkedBooter.main(ForkedBooter.java:495)
]]></failure>
  </testcase>
  <testcase name="testConversionWithCommaDelimiter" classname="com.example.AppTest" time="0.017">
    <failure message="expected:&lt;[{&quot;firstName&quot;:&quot;Wolfgang&quot;,&quot;lastName&quot;:&quot;Mozart&quot;,&quot;gender&quot;:&quot;Male&quot;,&quot;middleName&quot;:&quot;Amadeus&quot;,&quot;dateOfBirth&quot;:&quot;1756-01-27&quot;,&quot;salary&quot;:1000}, {&quot;firstName&quot;:&quot;Albert&quot;,&quot;lastName&quot;:&quot;Einstein&quot;,&quot;gender&quot;:&quot;Male&quot;,&quot;middleName&quot;:&quot;&quot;,&quot;dateOfBirth&quot;:&quot;1955-04-18&quot;,&quot;salary&quot;:2000}, {&quot;firstName&quot;:&quot;Marie, Salomea&quot;,&quot;lastName&quot;:&quot;Curie&quot;,&quot;gender&quot;:&quot;Female&quot;,&quot;middleName&quot;:&quot;Skłodowska |&quot;,&quot;dateOfBirth&quot;:&quot;0009-10-16&quot;,&quot;salary&quot;:3000}]&gt; but was:&lt;[{&quot;firstName&quot;: &quot;Wolfgang&quot;,&quot;middleName&quot;: &quot;Amadeus&quot;,&quot;lastName&quot;: &quot;Mozart&quot;,&quot;gender&quot;: &quot;Male&quot;,&quot;dateOfBirth&quot;: &quot;1756-01-27&quot;,&quot;salary&quot;: 1000}, {&quot;firstName&quot;: &quot;Albert&quot;,&quot;lastName&quot;: &quot;Einstein&quot;,&quot;gender&quot;: &quot;Male&quot;,&quot;dateOfBirth&quot;: &quot;1955-04-18&quot;,&quot;salary&quot;: 2000}, {&quot;firstName&quot;: &quot;Marie, Salomea&quot;,&quot;middleName&quot;: &quot;Skłodowska |&quot;,&quot;lastName&quot;: &quot;Curie&quot;,&quot;gender&quot;: &quot;Female&quot;,&quot;dateOfBirth&quot;: &quot;1934-07-04&quot;,&quot;salary&quot;: 3000}]&gt;" type="java.lang.AssertionError"><![CDATA[java.lang.AssertionError: expected:<[{"firstName":"Wolfgang","lastName":"Mozart","gender":"Male","middleName":"Amadeus","dateOfBirth":"1756-01-27","salary":1000}, {"firstName":"Albert","lastName":"Einstein","gender":"Male","middleName":"","dateOfBirth":"1955-04-18","salary":2000}, {"firstName":"Marie, Salomea","lastName":"Curie","gender":"Female","middleName":"Skłodowska |","dateOfBirth":"0009-10-16","salary":3000}]> but was:<[{"firstName": "Wolfgang","middleName": "Amadeus","lastName": "Mozart","gender": "Male","dateOfBirth": "1756-01-27","salary": 1000}, {"firstName": "Albert","lastName": "Einstein","gender": "Male","dateOfBirth": "1955-04-18","salary": 2000}, {"firstName": "Marie, Salomea","middleName": "Skłodowska |","lastName": "Curie","gender": "Female","dateOfBirth": "1934-07-04","salary": 3000}]>
	at org.junit.Assert.fail(Assert.java:89)
	at org.junit.Assert.failNotEquals(Assert.java:835)
	at org.junit.Assert.assertEquals(Assert.java:120)
	at org.junit.Assert.assertEquals(Assert.java:146)
	at com.example.AppTest.testConversion(AppTest.java:54)
	at com.example.AppTest.testConversionWithCommaDelimiter(AppTest.java:29)
	at java.base/jdk.internal.reflect.NativeMethodAccessorImpl.invoke0(Native Method)
	at java.base/jdk.internal.reflect.NativeMethodAccessorImpl.invoke(NativeMethodAccessorImpl.java:77)
	at java.base/jdk.internal.reflect.DelegatingMethodAccessorImpl.invoke(DelegatingMethodAccessorImpl.java:43)
	at java.base/java.lang.reflect.Method.invoke(Method.java:568)
	at org.junit.runners.model.FrameworkMethod$1.runReflectiveCall(FrameworkMethod.java:59)
	at org.junit.internal.runners.model.ReflectiveCallable.run(ReflectiveCallable.java:12)
	at org.junit.runners.model.FrameworkMethod.invokeExplosively(FrameworkMethod.java:56)
	at org.junit.internal.runners.statements.InvokeMethod.evaluate(InvokeMethod.java:17)
	at org.junit.runners.ParentRunner$3.evaluate(ParentRunner.java:306)
	at org.junit.runners.BlockJUnit4ClassRunner$1.evaluate(BlockJUnit4ClassRunner.java:100)
	at org.junit.runners.ParentRunner.runLeaf(ParentRunner.java:366)
	at org.junit.runners.BlockJUnit4ClassRunner.runChild(BlockJUnit4ClassRunner.java:103)
	at org.junit.runners.BlockJUnit4ClassRunner.runChild(BlockJUnit4ClassRunner.java:63)
	at org.junit.runners.ParentRunner$4.run(ParentRunner.java:331)
	at org.junit.runners.ParentRunner$1.schedule(ParentRunner.java:79)
	at org.junit.runners.ParentRunner.runChildren(ParentRunner.java:329)
	at org.junit.runners.ParentRunner.access$100(ParentRunner.java:66)
	at org.junit.runners.ParentRunner$2.evaluate(ParentRunner.java:293)
	at org.junit.runners.ParentRunner$3.evaluate(ParentRunner.java:306)
	at org.junit.runners.ParentRunner.run(ParentRunner.java:413)
	at org.apache.maven.surefire.junit4.JUnit4Provider.execute(JUnit4Provider.java:316)
	at org.apache.maven.surefire.junit4.JUnit4Provider.executeWithRerun(JUnit4Provider.java:240)
	at org.apache.maven.surefire.junit4.JUnit4Provider.executeTestSet(JUnit4Provider.java:214)
	at org.apache.maven.surefire.junit4.JUnit4Provider.invoke(JUnit4Provider.java:155)
	at org.apache.maven.surefire.booter.ForkedBooter.runSuitesInProcess(ForkedBooter.java:385)
	at org.apache.maven.surefire.booter.ForkedBooter.execute(ForkedBooter.java:162)
	at org.apache.maven.surefire.booter.ForkedBooter.run(ForkedBooter.java:507)
	at org.apache.maven.surefire.booter.ForkedBooter.main(ForkedBooter.java:495)
]]></failure>
  </testcase>
  <testcase name="testConversionCommaWithoutDelimiter" classname="com.example.AppTest" time="0.012">
    <failure message="expected:&lt;[{&quot;firstName&quot;:&quot;Wolfgang&quot;,&quot;lastName&quot;:&quot;Mozart&quot;,&quot;gender&quot;:&quot;Male&quot;,&quot;middleName&quot;:&quot;Amadeus&quot;,&quot;dateOfBirth&quot;:&quot;1756-01-27&quot;,&quot;salary&quot;:1000}, {&quot;firstName&quot;:&quot;Albert&quot;,&quot;lastName&quot;:&quot;Einstein&quot;,&quot;gender&quot;:&quot;Male&quot;,&quot;middleName&quot;:&quot;&quot;,&quot;dateOfBirth&quot;:&quot;1955-04-18&quot;,&quot;salary&quot;:2000}, {&quot;firstName&quot;:&quot;Marie, Salomea&quot;,&quot;lastName&quot;:&quot;Curie&quot;,&quot;gender&quot;:&quot;Female&quot;,&quot;middleName&quot;:&quot;Skłodowska |&quot;,&quot;dateOfBirth&quot;:&quot;0009-10-16&quot;,&quot;salary&quot;:3000}]&gt; but was:&lt;[{&quot;firstName&quot;: &quot;Wolfgang&quot;,&quot;middleName&quot;: &quot;Amadeus&quot;,&quot;lastName&quot;: &quot;Mozart&quot;,&quot;gender&quot;: &quot;Male&quot;,&quot;dateOfBirth&quot;: &quot;1756-01-27&quot;,&quot;salary&quot;: 1000}, {&quot;firstName&quot;: &quot;Albert&quot;,&quot;lastName&quot;: &quot;Einstein&quot;,&quot;gender&quot;: &quot;Male&quot;,&quot;dateOfBirth&quot;: &quot;1955-04-18&quot;,&quot;salary&quot;: 2000}, {&quot;firstName&quot;: &quot;Marie, Salomea&quot;,&quot;middleName&quot;: &quot;Skłodowska |&quot;,&quot;lastName&quot;: &quot;Curie&quot;,&quot;gender&quot;: &quot;Female&quot;,&quot;dateOfBirth&quot;: &quot;1934-07-04&quot;,&quot;salary&quot;: 3000}]&gt;" type="java.lang.AssertionError"><![CDATA[java.lang.AssertionError: expected:<[{"firstName":"Wolfgang","lastName":"Mozart","gender":"Male","middleName":"Amadeus","dateOfBirth":"1756-01-27","salary":1000}, {"firstName":"Albert","lastName":"Einstein","gender":"Male","middleName":"","dateOfBirth":"1955-04-18","salary":2000}, {"firstName":"Marie, Salomea","lastName":"Curie","gender":"Female","middleName":"Skłodowska |","dateOfBirth":"0009-10-16","salary":3000}]> but was:<[{"firstName": "Wolfgang","middleName": "Amadeus","lastName": "Mozart","gender": "Male","dateOfBirth": "1756-01-27","salary": 1000}, {"firstName": "Albert","lastName": "Einstein","gender": "Male","dateOfBirth": "1955-04-18","salary": 2000}, {"firstName": "Marie, Salomea","middleName": "Skłodowska |","lastName": "Curie","gender": "Female","dateOfBirth": "1934-07-04","salary": 3000}]>
	at org.junit.Assert.fail(Assert.java:89)
	at org.junit.Assert.failNotEquals(Assert.java:835)
	at org.junit.Assert.assertEquals(Assert.java:120)
	at org.junit.Assert.assertEquals(Assert.java:146)
	at com.example.AppTest.testConversion(AppTest.java:54)
	at com.example.AppTest.testConversionCommaWithoutDelimiter(AppTest.java:19)
	at java.base/jdk.internal.reflect.NativeMethodAccessorImpl.invoke0(Native Method)
	at java.base/jdk.internal.reflect.NativeMethodAccessorImpl.invoke(NativeMethodAccessorImpl.java:77)
	at java.base/jdk.internal.reflect.DelegatingMethodAccessorImpl.invoke(DelegatingMethodAccessorImpl.java:43)
	at java.base/java.lang.reflect.Method.invoke(Method.java:568)
	at org.junit.runners.model.FrameworkMethod$1.runReflectiveCall(FrameworkMethod.java:59)
	at org.junit.internal.runners.model.ReflectiveCallable.run(ReflectiveCallable.java:12)
	at org.junit.runners.model.FrameworkMethod.invokeExplosively(FrameworkMethod.java:56)
	at org.junit.internal.runners.statements.InvokeMethod.evaluate(InvokeMethod.java:17)
	at org.junit.runners.ParentRunner$3.evaluate(ParentRunner.java:306)
	at org.junit.runners.BlockJUnit4ClassRunner$1.evaluate(BlockJUnit4ClassRunner.java:100)
	at org.junit.runners.ParentRunner.runLeaf(ParentRunner.java:366)
	at org.junit.runners.BlockJUnit4ClassRunner.runChild(BlockJUnit4ClassRunner.java:103)
	at org.junit.runners.BlockJUnit4ClassRunner.runChild(BlockJUnit4ClassRunner.java:63)
	at org.junit.runners.ParentRunner$4.run(ParentRunner.java:331)
	at org.junit.runners.ParentRunner$1.schedule(ParentRunner.java:79)
	at org.junit.runners.ParentRunner.runChildren(ParentRunner.java:329)
	at org.junit.runners.ParentRunner.access$100(ParentRunner.java:66)
	at org.junit.runners.ParentRunner$2.evaluate(ParentRunner.java:293)
	at org.junit.runners.ParentRunner$3.evaluate(ParentRunner.java:306)
	at org.junit.runners.ParentRunner.run(ParentRunner.java:413)
	at org.apache.maven.surefire.junit4.JUnit4Provider.execute(JUnit4Provider.java:316)
	at org.apache.maven.surefire.junit4.JUnit4Provider.executeWithRerun(JUnit4Provider.java:240)
	at org.apache.maven.surefire.junit4.JUnit4Provider.executeTestSet(JUnit4Provider.java:214)
	at org.apache.maven.surefire.junit4.JUnit4Provider.invoke(JUnit4Provider.java:155)
	at org.apache.maven.surefire.booter.ForkedBooter.runSuitesInProcess(ForkedBooter.java:385)
	at org.apache.maven.surefire.booter.ForkedBooter.execute(ForkedBooter.java:162)
	at org.apache.maven.surefire.booter.ForkedBooter.run(ForkedBooter.java:507)
	at org.apache.maven.surefire.booter.ForkedBooter.main(ForkedBooter.java:495)
]]></failure>
  </testcase>
</testsuite>