<?xml version="1.0" encoding="UTF-8"?>
<testsuite xmlns:xsi="http://www.w3.org/2001/XMLSchema-instance" xsi:noNamespaceSchemaLocation="https://maven.apache.org/surefire/maven-surefire-plugin/xsd/surefire-test-report-3.0.xsd" version="3.0" name="com.example.AppTest" time="0.761" tests="5" errors="0" skipped="0" failures="5">
  <properties>
[...]
</properties>
  <testcase name="testConversionWithPipeDelimiter" classname="com.example.AppTest" time="0.58">
    <failure message="expected:&lt;[{&quot;firstName&quot;:&quot;Wolfgang&quot;,&quot;lastName&quot;:&quot;Mozart&quot;,&quot;gender&quot;:&quot;Male&quot;,&quot;middleName&quot;:&quot;Amadeus&quot;,&quot;dateOfBirth&quot;:&quot;1756-01-27&quot;,&quot;salary&quot;:1000}, {&quot;firstName&quot;:&quot;Albert&quot;,&quot;lastName&quot;:&quot;Einstein&quot;,&quot;gender&quot;:&quot;Male&quot;,&quot;middleName&quot;:&quot;&quot;,&quot;dateOfBirth&quot;:&quot;1955-04-18&quot;,&quot;salary&quot;:2000}, {&quot;firstName&quot;:&quot;Marie, Salomea&quot;,&quot;lastName&quot;:&quot;Curie&quot;,&quot;gender&quot;:&quot;Female&quot;,&quot;middleName&quot;:&quot;Skłodowska |&quot;,&quot;dateOfBirth&quot;:&quot;0009-10-16&quot;,&quot;salary&quot;:3000}]&gt; but was:&lt;[{&quot;firstName&quot;: &quot;Wolfgang&quot;,&quot;middleName&quot;: &quot;Amadeus&quot;,&quot;lastName&quot;: &quot;Mozart&quot;,&quot;gender&quot;: &quot;Male&quot;,&quot;dateOfBirth&quot;: &quot;1756-01-27&quot;,&quot;salary&quot;: 1000}, {&quot;firstName&quot;: &quot;Albert&quot;,&quot;lastName&quot;: &quot;Einstein&quot;,&quot;gender&quot;: &quot;Male&quot;,&quot;dateOfBirth&quot;: &quot;1955-04-18&quot;,&quot;salary&quot;: 2000}, {&quot;firstName&quot;: &quot;Marie, Salomea&quot;,&quot;middleName&quot;: &quot;Skłodowska |&quot;,&quot;lastName&quot;: &quot;Curie&quot;,&quot;gender&quot;: &quot;Female&quot;,&quot;dateOfBirth&quot;: &quot;1934-07-04&quot;,&quot;salary&quot;: 3000}]&gt;" type="java.lang.AssertionError"><![CDATA[java.lang.AssertionError: expected:<[{"firstName":"Wolfgang","lastName":"Mozart","gender":"Male","middleName":"Amadeus","dateOfBirth":"1756-01-27","salary":1000}, {"firstName":"Albert","lastName":"Einstein","gender":"Male","middleName":"","dateOfBirth":"1955-04-18","salary":2000}, {"firstName":"Marie, Salomea","lastName":"Curie","gender":"Female","middleName":"Skłodowska |","dateOfBirth":"0009-10-16","salary":3000}]> but was:<[{"firstName": "Wolfgang","middleName": "Amadeus","lastName": "Mozart","gender": "Male","dateOfBirth": "1756-01-27","salary": 1000}, {"firstName": "Albert","lastName": "Einstein","gender": "Male","dateOfBirth": "1955-04-18","salary": 2000}, {"firstName": "Marie, Salomea","middleName": "Skłodowska |","lastName": "Curie","gender": "Female","dateOfBirth": "1934-07-04","salary": 3000}]>
	at org.junit.Assert.fail(Assert.java:89)
	at org.junit.Assert.failNotEquals(Assert.java:835)
	at org.junit.Assert.assertEquals(Assert.java:120)
	at org.junit.Assert.assertEquals(Assert.java:146)
	at com.example.AppTest.testConversion(AppTest.java:54)
	at com.example.AppTest.testConversionWithPipeDelimiter(AppTest.java:34)
	at java.base/jdk.internal.reflect.NativeMethodAccessorImpl.invoke0(Native Method)
	at java.base/jdk.internal.reflect.NativeMethodAccessorImpl.invoke(NativeMethodAccessorImpl.java:77)
	at java.base/jdk.internal.reflect.DelegatingMethodAccessorImpl.invoke(DelegatingMethodAccessorImpl.java:43)
	at java.base/java.lang.reflect.Method.invoke(Method.java:568)
	at org.junit.runners.model.FrameworkMethod$1.runReflectiveCall(FrameworkMethod.java:59)
	at org.junit.internal.runners.model.ReflectiveCallable.run(ReflectiveCallable.java:12)
	at org.junit.runners.model.FrameworkMethod.invokeExplosively(FrameworkMethod.java:56)
	at org.junit.internal.runners.statements.InvokeMethod.evaluate(InvokeMethod.java:17)
	at org.junit.runners.ParentRunner$3.evaluate(ParentRunner.java:306)
	at org.junit.runners.BlockJUnit4ClassRunner$1.evaluate(BlockJUnit4ClassRunner.java:100)
	at org.junit.runners.ParentRunner.runLeaf(ParentRunner.java:366)
	at org.junit.runners.BlockJUnit4ClassRunner.runChild(BlockJUnit4ClassRunner.java:103)
	at org.junit.runners.BlockJUnit4ClassRunner.runChild(BlockJUnit4ClassRunner.java:63)
	at org.junit.runners.ParentRunner$4.run(ParentRunner.java:331)
	at org.junit.runners.ParentRunner$1.schedule(ParentRunner.java:79)
	at org.junit.runners.ParentRunner.runChildren(ParentRunner.java:329)
	at org.junit.runners.ParentRunner.access$100(ParentRunner.java:66)
	at org.junit.runners.ParentRunner$2.evaluate(ParentRunner.java:293)
	at org.junit.runners.ParentRunner$3.evaluate(ParentRunner.java:306)
	at org.junit.runners.ParentRunner.run(ParentRunner.java:413)
	at org.apache.maven.surefire.junit4.JUnit4Provider.execute(JUnit4Provider.java:316)
	at org.apache.maven.surefire.junit4.JUnit4Provider.executeWithRerun(JUnit4Provider.java:240)
	at org.apache.maven.surefire.junit4.JUnit4Provider.executeTestSet(JUnit4Provider.java:214)
	at org.apache.maven.surefire.junit4.JUnit4Provider.invoke(JUnit4Provider.java:155)
	at org.apache.maven.surefire.booter.ForkedBooter.runSuitesInProcess(ForkedBooter.java:385)
	at org.apache.maven.surefire.booter.ForkedBooter.execute(ForkedBooter.java:162)
	at org.apache.maven.surefire.booter.ForkedBooter.run(ForkedBooter.java:507)
	at org.apache.maven.surefire.booter.ForkedBooter.main(ForkedBooter.java:495)
]]></failure>
  </testcase>
  <testcase name="testConversionPipeWithoutDelimiter" classname="com.example.AppTest" time="0.011">
    <failure message="expected:&lt;[{&quot;firstName&quot;:&quot;Wolfgang&quot;,&quot;lastName&quot;:&quot;Mozart&quot;,&quot;gender&quot;:&quot;Male&quot;,&quot;middleName&quot;:&quot;Amadeus&quot;,&quot;dateOfBirth&quot;:&quot;1756-01-27&quot;,&quot;salary&quot;:1000}, {&quot;firstName&quot;:&quot;Albert&quot;,&quot;lastName&quot;:&quot;Einstein&quot;,&quot;gender&quot;:&quot;Male&quot;,&quot;middleName&quot;:&quot;&quot;,&quot;dateOfBirth&quot;:&quot;1955-04-18&quot;,&quot;salary&quot;:2000}, {&quot;firstName&quot;:&quot;Marie, Salomea&quot;,&quot;lastName&quot;:&quot;Curie&quot;,&quot;gender&quot;:&quot;Female&quot;,&quot;middleName&quot;:&quot;Skłodowska |&quot;,&quot;dateOfBirth&quot;:&quot;0009-10-16&quot;,&quot;salary&quot;:3000}]&gt; but was:&lt;[{&quot;firstName&quot;: &quot;Wolfgang&quot;,&quot;middleName&quot;: &quot;Amadeus&quot;,&quot;lastName&quot;: &quot;Mozart&quot;,&quot;gender&quot;: &quot;Male&quot;,&quot;dateOfBirth&quot;: &quot;1756-01-27&quot;,&quot;salary&quot;: 1000}, {&quot;firstName&quot;: &quot;Albert&quot;,&quot;lastName&quot;: &quot;Einstein&quot;,&quot;gender&quot;: &quot;Male&quot;,&quot;dateOfBirth&quot;: &quot;1955-04-18&quot;,&quot;salary&quot;: 2000}, {&quot;firstName&quot;: &quot;Marie, Salomea&quot;,&quot;middleName&quot;: &quot;Skłodowska |&quot;,&quot;lastName&quot;: &quot;Curie&quot;,&quot;gender&quot;: &quot;Female&quot;,&quot;dateOfBirth&quot;: &quot;1934-07-04&quot;,&quot;salary&quot;: 3000}]&gt;" type="java.lang.AssertionError"><![CDATA[java.lang.AssertionError: expected:<[{"firstName":"Wolfgang","lastName":"Mozart","gender":"Male","middleName":"Amadeus","dateOfBirth":"1756-01-27","salary":1000}, {"firstName":"Albert","lastName":"Einstein","gender":"Male","middleName":"","dateOfBirth":"1955-04-18","salary":2000}, {"firstName":"Marie, Salomea","lastName":"Curie","gender":"Female","middleName":"Skłodowska |","dateOfBirth":"0009-10-16","salary":3000}]> but was:<[{"firstName": "Wolfgang","middleName": "Amadeus","lastName": "Mozart","gender": "Male","dateOfBirth": "1756-01-27","salary": 1000}, {"firstName": "Albert","lastName": "Einstein","gender": "Male","dateOfBirth": "1955-04-18","salary": 2000}, {"firstName": "Marie, Salomea","middleName": "Skłodowska |","lastName": "Curie","gender": "Female","dateOfBirth": "1934-07-04","salary": 3000}]>
	at org.junit.Assert.fail(Assert.java:89)
	at org.junit.Assert.failNotEquals(Assert.java:835)
	at org.junit.Assert.assertEquals(Assert.java:120)
	at org.junit.Assert.assertEquals(Assert.java:146)
	at com.example.AppTest.testConversion(AppTest.java:54)
	at com.example.AppTest.testConversionPipeWithoutDelimiter(AppTest.java:24)
	at java.base/jdk.internal.reflect.NativeMethodAccessorImpl.invoke0(Native Method)
	at java.base/jdk.internal.reflect.NativeMethodAccessorImpl.invoke(NativeMethodAccessorImpl.java:77)
	at java.base/jdk.internal.reflect.DelegatingMethodAccessorImpl.invoke(DelegatingMethodAccessorImpl.java:43)
	at java.base/java.lang.reflect.Method.invoke(Method.java:568)
	at org.junit.runners.model.FrameworkMethod$1.runReflectiveCall(FrameworkMethod.java:59)
	at org.junit.internal.runners.model.ReflectiveCallable.run(ReflectiveCallable.java:12)
	at org.junit.runners.model.FrameworkMethod.invokeExplosively(FrameworkMethod.java:56)
	at org.junit.internal.runners.statements.InvokeMethod.evaluate(InvokeMethod.java:17)
	at org.junit.runners.ParentRunner$3.evaluate(ParentRunner.java:306)
	at org.junit.runners.BlockJUnit4ClassRunner$1.evaluate(BlockJUnit4ClassRunner.java:100)
	at org.junit.runners.ParentRunner.runLeaf(ParentRunner.java:366)
	at org.junit.runners.BlockJUnit4ClassRunner.runChild(BlockJUnit4ClassRunner.java:103)
	at org.junit.runners.BlockJUnit4ClassRunner.runChild(BlockJUnit4ClassRunner.java:63)
	at org.junit.runners.ParentRunner$4.run(ParentRunner.java:331)
	at org.junit.runners.ParentRunner$1.schedule(ParentRunner.java:79)
	at org.junit.runners.ParentRunner.runChildren(ParentRunner.java:329)
	at org.junit.runners.ParentRunner.access$100(ParentRunner.java:66)
	at org.junit.runners.ParentRunner$2.evaluate(ParentRunner.java:293)
	at org.junit.runners.ParentRunner$3.evaluate(ParentRunner.java:306)
	at org.junit.runners.ParentRunner.run(ParentRunner.java:413)
	at org.apache.maven.surefire.junit4.JUnit4Provider.execute(JUnit4Provider.java:316)
	at org.apache.maven.surefire.junit4.JUnit4Provider.executeWithRerun(JUnit4Provider.java:240)
	at org.apache.maven.surefire.junit4.JUnit4Provider.executeTestSet(JUnit4Provider.java:214)
	at org.apache.maven.surefire.junit4.JUnit4Provider.invoke(JUnit4Provider.java:155)
	at org.apache.maven.surefire.booter.ForkedBooter.runSuitesInProcess(ForkedBooter.java:385)
	at org.apache.maven.surefire.booter.ForkedBooter.execute(ForkedBooter.java:162)
	at org.apache.maven.surefire.booter.ForkedBooter.run(ForkedBooter.java:507)
	at org.apache.maven.surefire.booter.ForkedBooter.main(ForkedBooter.java:495)
]]></failure>
  </testcase>
  <testcase name="testConversionWithUnderscoreDelimiter" classname="com.example.AppTest" time="0.022">
    <failure message="expected:&lt;[{&quot;firstName&quot;:&quot;Wolfgang&quot;,&quot;lastName&quot;:&quot;Mozart&quot;,&quot;gender&quot;:&quot;Male&quot;,&quot;middleName&quot;:&quot;Amadeus&quot;,&quot;dateOfBirth&quot;:&quot;1756-01-27&quot;,&quot;salary&quot;:1000}, {&quot;firstName&quot;:&quot;Albert&quot;,&quot;lastName&quot;:&quot;Einstein&quot;,&quot;gender&quot;:&quot;Male&quot;,&quot;middleName&quot;:&quot;&quot;,&quot;dateOfBirth&quot;:&quot;1955-04-18&quot;,&quot;salary&quot;:2000}, {&quot;firstName&quot;:&quot;Marie, Salomea&quot;,&quot;lastName&quot;:&quot;Curie&quot;,&quot;gender&quot;:&quot;Female&quot;,&quot;middleName&quot;:&quot;Skłodowska |&quot;,&quot;dateOfBirth&quot;:&quot;0009-10-16&quot;,&quot;salary&quot;:3000}]&gt; but was:&lt;[{&quot;firstName&quot;: &quot;Wolfgang&quot;,&quot;middleName&quot;: &quot;Amadeus&quot;,&quot;lastName&quot;: &quot;Mozart&quot;,&quot;gender&quot;: &quot;Male&quot;,&quot;dateOfBirth&quot;: &quot;1756-01-27&quot;,&quot;salary&quot;: 1000}, {&quot;firstName&quot;: &quot;Albert&quot;,&quot;lastName&quot;: &quot;Einstein&quot;,&quot;gender&quot;: &quot;Male&quot;,&quot;dateOfBirth&quot;: &quot;1955-04-18&quot;,&quot;salary&quot;: 2000}, {&quot;firstName&quot;: &quot;Marie, Salomea&quot;,&quot;middleName&quot;: &quot;Skłodowska |&quot;,&quot;lastName&quot;: &quot;Curie&quot;,&quot;gender&quot;: &quot;Female&quot;,&quot;dateOfBirth&quot;: &quot;1934-07-04&quot;,&quot;salary&quot;: 3000}]&gt;" type="java.lang.AssertionError"><![CDATA[java.lang.AssertionError: expected:<[{"firstName":"Wolfgang","lastName":"Mozart","gender":"Male","middleName":"Amadeus","dateOfBirth":"1756-01-27","salary":1000}, {"firstName":"Albert","lastName":"Einstein","gender":"Male","middleName":"","dateOfBirth":"1955-04-18","salary":2000}, {"firstName":"Marie, Salomea","lastName":"Curie","gender":"Female","middleName":"Skłodowska |","dateOfBirth":"0009-10-16","salary":3000}]> but was:<[{"firstName": "Wolfgang","middleName": "Amadeus","lastName": "Mozart","gender": "Male","dateOfBirth": "1756-01-27","salary": 1000}, {"firstName": "Albert","lastName": "Einstein","gender": "Male","dateOfBirth": "1955-04-18","salary": 2000}, {"firstName": "Marie, Salomea","middleName": "Skłodowska |","lastName": "Curie","gender": "Female","dateOfBirth": "1934-07-04","salary": 3000}]>
	at org.junit.Assert.fail(Assert.java:89)
	at org.junit.Assert.failNotEquals(Assert.java:835)
	at org.junit.Assert.assertEquals(Assert.java:120)
	at org.junit.Assert.assertEquals(Assert.java:146)
	at com.example.AppTest.testConversion(AppTest.java:54)
	at com.example.AppTest.testConversionWithUnderscoreDelimiter(AppTest.java:39)
	at java.base/jdk.internal.reflect.NativeMethodAccessorImpl.invoke0(Native Method)
	at java.base/jdk.internal.reflect.NativeMethodAccessorImpl.invoke(NativeMethodAccessorImpl.java:77)
	at java.base/jdk.internal.reflect.DelegatingMethodAccessorImpl.invoke(DelegatingMethodAccessorImpl.java:43)
	at java.base/java.lang.reflect.Method.invoke(Method.java:568)
	at org.junit.runners.model.FrameworkMethod$1.runReflectiveCall(FrameworkMethod.java:59)
	at org.junit.internal.runners.model.ReflectiveCallable.run(ReflectiveCallable.java:12)
	at org.junit.runners.model.FrameworkMethod.invokeExplosively(FrameworkMethod.java:56)
	at org.junit.internal.runners.statements.InvokeMethod.evaluate(InvokeMethod.java:17)
	at org.junit.runners.ParentRunner$3.evaluate(ParentRunner.java:306)
	at org.junit.runners.BlockJUnit4ClassRunner$1.evaluate(BlockJUnit4ClassRunner.java:100)
	at org.junit.runners.ParentRunner.runLeaf(ParentRunner.java:366)
	at org.junit.runners.BlockJUnit4ClassRunner.runChild(BlockJUnit4ClassRunner.java:103)
	at org.junit.runners.BlockJUnit4ClassRunner.runChild(BlockJUnit4ClassRunner.java:63)
	at org.junit.runners.ParentRunner$4.run(ParentRunner.java:331)
	at org.junit.runners.ParentRunner$1.schedule(ParentRunner.java:79)
	at org.junit.runners.ParentRunner.runChildren(ParentRunner.java:329)
	at org.junit.runners.ParentRunner.access$100(ParentRunner.java:66)
	at org.junit.runners.ParentRunner$2.evaluate(ParentRunner.java:293)
	at org.junit.runners.ParentRunner$3.evaluate(ParentRunner.java:306)
	at org.junit.runners.ParentRunner.run(ParentRunner.java:413)
	at org.apache.maven.surefire.junit4.JUnit4Provider.execute(JUnit4Provider.java:316)
	at org.apache.maven.surefire.junit4.JUnit4Provider.executeWithRerun(JUnit4Provider.java:240)
	at org.apache.maven.surefire.junit4.JUnit4Provider.executeTestSet(JUnit4Provider.java:214)
	at org.apache.maven.surefire.junit4.JUnit4Provider.invoke(JUnit4Provider.java:155)
	at org.apache.maven.surefire.booter.ForkedBooter.runSuitesInProcess(ForkedBooter.java:385)
	at org.apache.maven.surefire.booter.ForkedBooter.execute(ForkedBooter.java:162)
	at org.apache.maven.surefire.booter.ForkedBooter.run(ForkedBooter.java:507)
	at org.apache.maven.surefire.booter.ForkedBooter.main(ForkedBooter.java:495)
]]></failure>
  </testcase>
  <testcase name="testConversionWithCommaDelimiter" classname="com.example.AppTest" time="0.017">
    <failure message="expected:&lt;[{&quot;firstName&quot;:&quot;Wolfgang&quot;,&quot;lastName&quot;:&quot;Mozart&quot;,&quot;gender&quot;:&quot;Male&quot;,&quot;middleName&quot;:&quot;Amadeus&quot;,&quot;dateOfBirth&quot;:&quot;1756-01-27&quot;,&quot;salary&quot;:1000}, {&quot;firstName&quot;:&quot;Albert&quot;,&quot;lastName&quot;:&quot;Einstein&quot;,&quot;gender&quot;:&quot;Male&quot;,&quot;middleName&quot;:&quot;&quot;,&quot;dateOfBirth&quot;:&quot;1955-04-18&quot;,&quot;salary&quot;:2000}, {&quot;firstName&quot;:&quot;Marie, Salomea&quot;,&quot;lastName&quot;:&quot;Curie&quot;,&quot;gender&quot;:&quot;Female&quot;,&quot;middleName&quot;:&quot;Skłodowska |&quot;,&quot;dateOfBirth&quot;:&quot;0009-10-16&quot;,&quot;salary&quot;:3000}]&gt; but was:&lt;[{&quot;firstName&quot;: &quot;Wolfgang&quot;,&quot;middleName&quot;: &quot;Amadeus&quot;,&quot;lastName&quot;: &quot;Mozart&quot;,&quot;gender&quot;: &quot;Male&quot;,&quot;dateOfBirth&quot;: &quot;1756-01-27&quot;,&quot;salary&quot;: 1000}, {&quot;firstName&quot;: &quot;Albert&quot;,&quot;lastName&quot;: &quot;Einstein&quot;,&quot;gender&quot;: &quot;Male&quot;,&quot;dateOfBirth&quot;: &quot;1955-04-18&quot;,&quot;salary&quot;: 2000}, {&quot;firstName&quot;: &quot;Marie, Salomea&quot;,&quot;middleName&quot;: &quot;Skłodowska |&quot;,&quot;lastName&quot;: &quot;Curie&quot;,&quot;gender&quot;: &quot;Female&quot;,&quot;dateOfBirth&quot;: &quot;1934-07-04&quot;,&quot;salary&quot;: 3000}]&gt;" type="java.lang.AssertionError"><![CDATA[java.lang.AssertionError: expected:<[{"firstName":"Wolfgang","lastName":"Mozart","gender":"Male","middleName":"Amadeus","dateOfBirth":"1756-01-27","salary":1000}, {"firstName":"Albert","lastName":"Einstein","gender":"Male","middleName":"","dateOfBirth":"1955-04-18","salary":2000}, {"firstName":"Marie, Salomea","lastName":"Curie","gender":"Female","middleName":"Skłodowska |","dateOfBirth":"0009-10-16","salary":3000}]> but was:<[{"firstName": "Wolfgang","middleName": "Amadeus","lastName": "Mozart","gender": "Male","dateOfBirth": "1756-01-27","salary": 1000}, {"firstName": "Albert","lastName": "Einstein","gender": "Male","dateOfBirth": "1955-04-18","salary": 2000}, {"firstName": "Marie, Salomea","middleName": "Skłodowska |","lastName": "Curie","gender": "Female","dateOfBirth": "1934-07-04","salary": 3000}]>
	at org.junit.Assert.fail(Assert.java:89)
	at org.junit.Assert.failNotEquals(Assert.java:835)
	at org.junit.Assert.assertEquals(Assert.java:120)
	at org.junit.Assert.assertEquals(Assert.java:146)
	at com.example.AppTest.testConversion(AppTest.java:54)
	at com.example.AppTest.testConversionWithCommaDelimiter(AppTest.java:29)
	at java.base/jdk.internal.reflect.NativeMethodAccessorImpl.invoke0(Native Method)
	at java.base/jdk.internal.reflect.NativeMethodAccessorImpl.invoke(NativeMethodAccessorImpl.java:77)
	at java.base/jdk.internal.reflect.DelegatingMethodAccessorImpl.invoke(DelegatingMethodAccessorImpl.java:43)
	at java.base/java.lang.reflect.Method.invoke(Method.java:568)
	at org.junit.runners.model.FrameworkMethod$1.runReflectiveCall(FrameworkMethod.java:59)
	at org.junit.internal.runners.model.ReflectiveCallable.run(ReflectiveCallable.java:12)
	at org.junit.runners.model.FrameworkMethod.invokeExplosively(FrameworkMethod.java:56)
	at org.junit.internal.runners.statements.InvokeMethod.evaluate(InvokeMethod.java:17)
	at org.junit.runners.ParentRunner$3.evaluate(ParentRunner.java:306)
	at org.junit.runners.BlockJUnit4ClassRunner$1.evaluate(BlockJUnit4ClassRunner.java:100)
	at org.junit.runners.ParentRunner.runLeaf(ParentRunner.java:366)
	at org.junit.runners.BlockJUnit4ClassRunner.runChild(BlockJUnit4ClassRunner.java:103)
	at org.junit.runners.BlockJUnit4ClassRunner.runChild(BlockJUnit4ClassRunner.java:63)
	at org.junit.runners.ParentRunner$4.run(ParentRunner.java:331)
	at org.junit.runners.ParentRunner$1.schedule(ParentRunner.java:79)
	at org.junit.runners.ParentRunner.runChildren(ParentRunner.java:329)
	at org.junit.runners.ParentRunner.access$100(ParentRunner.java:66)
	at org.junit.runners.ParentRunner$2.evaluate(ParentRunner.java:293)
	at org.junit.runners.ParentRunner$3.evaluate(ParentRunner.java:306)
	at org.junit.runners.ParentRunner.run(ParentRunner.java:413)
	at org.apache.maven.surefire.junit4.JUnit4Provider.execute(JUnit4Provider.java:316)
	at org.apache.maven.surefire.junit4.JUnit4Provider.executeWithRerun(JUnit4Provider.java:240)
	at org.apache.maven.surefire.junit4.JUnit4Provider.executeTestSet(JUnit4Provider.java:214)
	at org.apache.maven.surefire.junit4.JUnit4Provider.invoke(JUnit4Provider.java:155)
	at org.apache.maven.surefire.booter.ForkedBooter.runSuitesInProcess(ForkedBooter.java:385)
	at org.apache.maven.surefire.booter.ForkedBooter.execute(ForkedBooter.java:162)
	at org.apache.maven.surefire.booter.ForkedBooter.run(ForkedBooter.java:507)
	at org.apache.maven.surefire.booter.ForkedBooter.main(ForkedBooter.java:495)
]]></failure>
  </testcase>
  <testcase name="testConversionCommaWithoutDelimiter" classname="com.example.AppTest" time="0.012">
    <failure message="expected:&lt;[{&quot;firstName&quot;:&quot;Wolfgang&quot;,&quot;lastName&quot;:&quot;Mozart&quot;,&quot;gender&quot;:&quot;Male&quot;,&quot;middleName&quot;:&quot;Amadeus&quot;,&quot;dateOfBirth&quot;:&quot;1756-01-27&quot;,&quot;salary&quot;:1000}, {&quot;firstName&quot;:&quot;Albert&quot;,&quot;lastName&quot;:&quot;Einstein&quot;,&quot;gender&quot;:&quot;Male&quot;,&quot;middleName&quot;:&quot;&quot;,&quot;dateOfBirth&quot;:&quot;1955-04-18&quot;,&quot;salary&quot;:2000}, {&quot;firstName&quot;:&quot;Marie, Salomea&quot;,&quot;lastName&quot;:&quot;Curie&quot;,&quot;gender&quot;:&quot;Female&quot;,&quot;middleName&quot;:&quot;Skłodowska |&quot;,&quot;dateOfBirth&quot;:&quot;0009-10-16&quot;,&quot;salary&quot;:3000}]&gt; but was:&lt;[{&quot;firstName&quot;: &quot;Wolfgang&quot;,&quot;middleName&quot;: &quot;Amadeus&quot;,&quot;lastName&quot;: &quot;Mozart&quot;,&quot;gender&quot;: &quot;Male&quot;,&quot;dateOfBirth&quot;: &quot;1756-01-27&quot;,&quot;salary&quot;: 1000}, {&quot;firstName&quot;: &quot;Albert&quot;,&quot;lastName&quot;: &quot;Einstein&quot;,&quot;gender&quot;: &quot;Male&quot;,&quot;dateOfBirth&quot;: &quot;1955-04-18&quot;,&quot;salary&quot;: 2000}, {&quot;firstName&quot;: &quot;Marie, Salomea&quot;,&quot;middleName&quot;: &quot;Skłodowska |&quot;,&quot;lastName&quot;: &quot;Curie&quot;,&quot;gender&quot;: &quot;Female&quot;,&quot;dateOfBirth&quot;: &quot;1934-07-04&quot;,&quot;salary&quot;: 3000}]&gt;" type="java.lang.AssertionError"><![CDATA[java.lang.AssertionError: expected:<[{"firstName":"Wolfgang","lastName":"Mozart","gender":"Male","middleName":"Amadeus","dateOfBirth":"1756-01-27","salary":1000}, {"firstName":"Albert","lastName":"Einstein","gender":"Male","middleName":"","dateOfBirth":"1955-04-18","salary":2000}, {"firstName":"Marie, Salomea","lastName":"Curie","gender":"Female","middleName":"Skłodowska |","dateOfBirth":"0009-10-16","salary":3000}]> but was:<[{"firstName": "Wolfgang","middleName": "Amadeus","lastName": "Mozart","gender": "Male","dateOfBirth": "1756-01-27","salary": 1000}, {"firstName": "Albert","lastName": "Einstein","gender": "Male","dateOfBirth": "1955-04-18","salary": 2000}, {"firstName": "Marie, Salomea","middleName": "Skłodowska |","lastName": "Curie","gender": "Female","dateOfBirth": "1934-07-04","salary": 3000}]>
	at org.junit.Assert.fail(Assert.java:89)
	at org.junit.Assert.failNotEquals(Assert.java:835)
	at org.junit.Assert.assertEquals(Assert.java:120)
	at org.junit.Assert.assertEquals(Assert.java:146)
	at com.example.AppTest.testConversion(AppTest.java:54)
	at com.example.AppTest.testConversionCommaWithoutDelimiter(AppTest.java:19)
	at java.base/jdk.internal.reflect.NativeMethodAccessorImpl.invoke0(Native Method)
	at java.base/jdk.internal.reflect.NativeMethodAccessorImpl.invoke(NativeMethodAccessorImpl.java:77)
	at java.base/jdk.internal.reflect.DelegatingMethodAccessorImpl.invoke(DelegatingMethodAccessorImpl.java:43)
	at java.base/java.lang.reflect.Method.invoke(Method.java:568)
	at org.junit.runners.model.FrameworkMethod$1.runReflectiveCall(FrameworkMethod.java:59)
	at org.junit.internal.runners.model.ReflectiveCallable.run(ReflectiveCallable.java:12)
	at org.junit.runners.model.FrameworkMethod.invokeExplosively(FrameworkMethod.java:56)
	at org.junit.internal.runners.statements.InvokeMethod.evaluate(InvokeMethod.java:17)
	at org.junit.runners.ParentRunner$3.evaluate(ParentRunner.java:306)
	at org.junit.runners.BlockJUnit4ClassRunner$1.evaluate(BlockJUnit4ClassRunner.java:100)
	at org.junit.runners.ParentRunner.runLeaf(ParentRunner.java:366)
	at org.junit.runners.BlockJUnit4ClassRunner.runChild(BlockJUnit4ClassRunner.java:103)
	at org.junit.runners.BlockJUnit4ClassRunner.runChild(BlockJUnit4ClassRunner.java:63)
	at org.junit.runners.ParentRunner$4.run(ParentRunner.java:331)
	at org.junit.runners.ParentRunner$1.schedule(ParentRunner.java:79)
	at org.junit.runners.ParentRunner.runChildren(ParentRunner.java:329)
	at org.junit.runners.ParentRunner.access$100(ParentRunner.java:66)
	at org.junit.runners.ParentRunner$2.evaluate(ParentRunner.java:293)
	at org.junit.runners.ParentRunner$3.evaluate(ParentRunner.java:306)
	at org.junit.runners.ParentRunner.run(ParentRunner.java:413)
	at org.apache.maven.surefire.junit4.JUnit4Provider.execute(JUnit4Provider.java:316)
	at org.apache.maven.surefire.junit4.JUnit4Provider.executeWithRerun(JUnit4Provider.java:240)
	at org.apache.maven.surefire.junit4.JUnit4Provider.executeTestSet(JUnit4Provider.java:214)
	at org.apache.maven.surefire.junit4.JUnit4Provider.invoke(JUnit4Provider.java:155)
	at org.apache.maven.surefire.booter.ForkedBooter.runSuitesInProcess(ForkedBooter.java:385)
	at org.apache.maven.surefire.booter.ForkedBooter.execute(ForkedBooter.java:162)
	at org.apache.maven.surefire.booter.ForkedBooter.run(ForkedBooter.java:507)
	at org.apache.maven.surefire.booter.ForkedBooter.main(ForkedBooter.java:495)
]]></failure>
  </testcase>
</testsuite>